2024-08-10T07:53:13.364Z  INFO 1 --- [msvc-users] [main] o.a.s.msvc.users.MsvcUsersApplication    : Starting MsvcUsersApplication v0.0.1-SNAPSHOT using Java 21.0.4 with PID 1 (/app/msvc-users-0.0.1-SNAPSHOT.jar started by root in /app)
2024-08-10T07:53:13.366Z  INFO 1 --- [msvc-users] [main] o.a.s.msvc.users.MsvcUsersApplication    : No active profile set, falling back to 1 default profile: "default"
2024-08-10T07:53:14.528Z  INFO 1 --- [msvc-users] [main] .s.d.r.c.RepositoryConfigurationDelegate : Bootstrapping Spring Data JPA repositories in DEFAULT mode.
2024-08-10T07:53:14.567Z  INFO 1 --- [msvc-users] [main] .s.d.r.c.RepositoryConfigurationDelegate : Finished Spring Data repository scanning in 33 ms. Found 1 JPA repository interface.
2024-08-10T07:53:14.831Z  INFO 1 --- [msvc-users] [main] o.s.cloud.context.scope.GenericScope     : BeanFactory id=5a2e62cd-e256-3e37-be39-73c28d1997cd
2024-08-10T07:53:15.523Z  INFO 1 --- [msvc-users] [main] o.s.b.w.embedded.tomcat.TomcatWebServer  : Tomcat initialized with port 8001 (http)
2024-08-10T07:53:15.536Z  INFO 1 --- [msvc-users] [main] o.apache.catalina.core.StandardService   : Starting service [Tomcat]
2024-08-10T07:53:15.536Z  INFO 1 --- [msvc-users] [main] o.apache.catalina.core.StandardEngine    : Starting Servlet engine: [Apache Tomcat/10.1.25]
2024-08-10T07:53:15.567Z  INFO 1 --- [msvc-users] [main] o.a.c.c.C.[Tomcat].[localhost].[/]       : Initializing Spring embedded WebApplicationContext
2024-08-10T07:53:15.568Z  INFO 1 --- [msvc-users] [main] w.s.c.ServletWebServerApplicationContext : Root WebApplicationContext: initialization completed in 2125 ms
2024-08-10T07:53:16.017Z  INFO 1 --- [msvc-users] [main] o.hibernate.jpa.internal.util.LogHelper  : HHH000204: Processing PersistenceUnitInfo [name: default]
2024-08-10T07:53:16.065Z  INFO 1 --- [msvc-users] [main] org.hibernate.Version                    : HHH000412: Hibernate ORM core version 6.5.2.Final
2024-08-10T07:53:16.087Z  INFO 1 --- [msvc-users] [main] o.h.c.internal.RegionFactoryInitiator    : HHH000026: Second-level cache disabled
2024-08-10T07:53:16.288Z  INFO 1 --- [msvc-users] [main] o.s.o.j.p.SpringPersistenceUnitInfo      : No LoadTimeWeaver setup: ignoring JPA class transformer
2024-08-10T07:53:16.304Z  INFO 1 --- [msvc-users] [main] com.zaxxer.hikari.HikariDataSource       : HikariPool-1 - Starting...
2024-08-10T07:53:16.425Z  INFO 1 --- [msvc-users] [main] com.zaxxer.hikari.pool.HikariPool        : HikariPool-1 - Added connection com.mysql.cj.jdbc.ConnectionImpl@9a07409
2024-08-10T07:53:16.426Z  INFO 1 --- [msvc-users] [main] com.zaxxer.hikari.HikariDataSource       : HikariPool-1 - Start completed.
2024-08-10T07:53:16.465Z  WARN 1 --- [msvc-users] [main] org.hibernate.orm.deprecation            : HHH90000025: MySQLDialect does not need to be specified explicitly using 'hibernate.dialect' (remove the property setting and it will be selected by default)
2024-08-10T07:53:17.058Z  INFO 1 --- [msvc-users] [main] o.h.e.t.j.p.i.JtaPlatformInitiator       : HHH000489: No JTA platform available (set 'hibernate.transaction.jta.platform' to enable JTA platform integration)
2024-08-10T07:53:17.090Z  INFO 1 --- [msvc-users] [main] j.LocalContainerEntityManagerFactoryBean : Initialized JPA EntityManagerFactory for persistence unit 'default'
2024-08-10T07:53:18.874Z  INFO 1 --- [msvc-users] [main] o.s.b.a.e.web.EndpointLinksResolver      : Exposing 1 endpoint beneath base path '/actuator'
2024-08-10T07:53:18.944Z  INFO 1 --- [msvc-users] [main] o.s.b.w.embedded.tomcat.TomcatWebServer  : Tomcat started on port 8001 (http) with context path '/'
2024-08-10T07:53:18.957Z  INFO 1 --- [msvc-users] [main] o.a.s.msvc.users.MsvcUsersApplication    : Started MsvcUsersApplication in 5.974 seconds (process running for 6.387)
